<?xml version="1.0" encoding="UTF-8"?>
<testsuite xmlns:xsi="http://www.w3.org/2001/XMLSchema-instance" xsi:noNamespaceSchemaLocation="https://maven.apache.org/surefire/maven-surefire-plugin/xsd/surefire-test-report-3.0.xsd" version="3.0" name="TestSuite" time="1.635" tests="20" errors="0" skipped="0" failures="0">
  <properties>
    <property name="java.specification.version" value="22"/>
    <property name="sun.cpu.isalist" value="amd64"/>
    <property name="sun.jnu.encoding" value="Cp1252"/>
    <property name="java.class.path" value="C:\Users\Admin\Documents\NetBeansProjects\math-util-swt301\target\test-classes;C:\Users\Admin\Documents\NetBeansProjects\math-util-swt301\target\classes;C:\Users\Admin\.m2\repository\org\testng\testng\7.10.2\testng-7.10.2.jar;C:\Users\Admin\.m2\repository\org\slf4j\slf4j-api\1.7.36\slf4j-api-1.7.36.jar;C:\Users\Admin\.m2\repository\com\beust\jcommander\1.82\jcommander-1.82.jar;C:\Users\Admin\.m2\repository\org\webjars\jquery\3.7.1\jquery-3.7.1.jar;"/>
    <property name="java.vm.vendor" value="Oracle Corporation"/>
    <property name="sun.arch.data.model" value="64"/>
    <property name="user.variant" value=""/>
    <property name="java.vendor.url" value="https://java.oracle.com/"/>
    <property name="user.timezone" value="Asia/Bangkok"/>
    <property name="os.name" value="Windows 11"/>
    <property name="java.vm.specification.version" value="22"/>
    <property name="user.country" value="US"/>
    <property name="sun.java.launcher" value="SUN_STANDARD"/>
    <property name="sun.boot.library.path" value="C:\Program Files\Java\jdk-22\bin"/>
    <property name="sun.java.command" value="C:\Users\Admin\AppData\Local\Temp\surefire12702997179731130515\surefirebooter-20240615002218953_3.jar C:\Users\Admin\AppData\Local\Temp\surefire12702997179731130515 2024-06-15T00-22-18_548-jvmRun1 surefire-20240615002218953_1tmp surefire_0-20240615002218953_2tmp"/>
    <property name="jdk.debug" value="release"/>
    <property name="surefire.test.class.path" value="C:\Users\Admin\Documents\NetBeansProjects\math-util-swt301\target\test-classes;C:\Users\Admin\Documents\NetBeansProjects\math-util-swt301\target\classes;C:\Users\Admin\.m2\repository\org\testng\testng\7.10.2\testng-7.10.2.jar;C:\Users\Admin\.m2\repository\org\slf4j\slf4j-api\1.7.36\slf4j-api-1.7.36.jar;C:\Users\Admin\.m2\repository\com\beust\jcommander\1.82\jcommander-1.82.jar;C:\Users\Admin\.m2\repository\org\webjars\jquery\3.7.1\jquery-3.7.1.jar;"/>
    <property name="sun.cpu.endian" value="little"/>
    <property name="user.home" value="C:\Users\Admin"/>
    <property name="user.language" value="en"/>
    <property name="java.specification.vendor" value="Oracle Corporation"/>
    <property name="java.version.date" value="2024-04-16"/>
    <property name="java.home" value="C:\Program Files\Java\jdk-22"/>
    <property name="file.separator" value="\"/>
    <property name="basedir" value="C:\Users\Admin\Documents\NetBeansProjects\math-util-swt301"/>
    <property name="java.vm.compressedOopsMode" value="Zero based"/>
    <property name="line.separator" value="&#10;"/>
    <property name="java.vm.specification.vendor" value="Oracle Corporation"/>
    <property name="java.specification.name" value="Java Platform API Specification"/>
    <property name="surefire.real.class.path" value="C:\Users\Admin\AppData\Local\Temp\surefire12702997179731130515\surefirebooter-20240615002218953_3.jar"/>
    <property name="user.script" value=""/>
    <property name="sun.management.compiler" value="HotSpot 64-Bit Tiered Compilers"/>
    <property name="java.runtime.version" value="22.0.1+8-16"/>
    <property name="user.name" value="Admin"/>
    <property name="stdout.encoding" value="Cp1252"/>
    <property name="path.separator" value=";"/>
    <property name="os.version" value="10.0"/>
    <property name="java.runtime.name" value="Java(TM) SE Runtime Environment"/>
    <property name="file.encoding" value="UTF-8"/>
    <property name="java.vm.name" value="Java HotSpot(TM) 64-Bit Server VM"/>
    <property name="maven.ext.class.path" value="C:\Program Files\NetBeans-21\netbeans\java\maven-nblib\netbeans-eventspy.jar"/>
    <property name="localRepository" value="C:\Users\Admin\.m2\repository"/>
    <property name="java.vendor.url.bug" value="https://bugreport.java.com/bugreport/"/>
    <property name="java.io.tmpdir" value="C:\Users\Admin\AppData\Local\Temp\"/>
    <property name="java.version" value="22.0.1"/>
    <property name="user.dir" value="C:\Users\Admin\Documents\NetBeansProjects\math-util-swt301"/>
    <property name="os.arch" value="amd64"/>
    <property name="java.vm.specification.name" value="Java Virtual Machine Specification"/>
    <property name="sun.os.patch.level" value=""/>
    <property name="native.encoding" value="Cp1252"/>
    <property name="java.library.path" value="C:\Program Files\Java\jdk-22\bin;C:\WINDOWS\Sun\Java\bin;C:\WINDOWS\system32;C:\WINDOWS;C:\Program Files\Common Files\Oracle\Java\javapath;C:\Program Files (x86)\Common Files\Oracle\Java\java8path;C:\Program Files (x86)\Common Files\Oracle\Java\javapath;C:\Windows\system32;C:\Windows;C:\Windows\System32\Wbem;C:\Windows\System32\WindowsPowerShell\v1.0\;C:\Windows\System32\OpenSSH\;C:\Program Files (x86)\NVIDIA Corporation\PhysX\Common;C:\Program Files\NVIDIA Corporation\NVIDIA NvDLISR;C:\Program Files\dotnet\;C:\WINDOWS\system32;C:\WINDOWS;C:\WINDOWS\System32\Wbem;C:\WINDOWS\System32\WindowsPowerShell\v1.0\;C:\WINDOWS\System32\OpenSSH\;C:\Program Files (x86)\Microsoft SQL Server\160\Tools\Binn\;C:\Program Files\Microsoft SQL Server\160\Tools\Binn\;C:\Program Files\Microsoft SQL Server\Client SDK\ODBC\170\Tools\Binn\;C:\Program Files\Microsoft SQL Server\160\DTS\Binn\;C:\Program Files (x86)\Microsoft SQL Server\160\DTS\Binn\;C:\Program Files\Azure Data Studio\bin;C:\Program Files\nodejs\;C:\Program Files\apache-maven-3.9.7\bin;C:\Program Files\Git\cmd;C:\Users\Admin\AppData\Local\Programs\Python\Python312\Scripts\;C:\Users\Admin\AppData\Local\Programs\Python\Python312\;C:\Users\Admin\AppData\Local\Microsoft\WindowsApps;;C:\Users\Admin\AppData\Local\Programs\Microsoft VS Code\bin;C:\Program Files\Azure Data Studio\bin;C:\Users\Admin\AppData\Roaming\npm;."/>
    <property name="java.vm.info" value="mixed mode, sharing"/>
    <property name="stderr.encoding" value="Cp1252"/>
    <property name="java.vendor" value="Oracle Corporation"/>
    <property name="java.vm.version" value="22.0.1+8-16"/>
    <property name="sun.io.unicode.encoding" value="UnicodeLittle"/>
    <property name="netbeans.testng.action" value="true"/>
    <property name="java.class.version" value="66.0"/>
  </properties>
  <testcase name="testCalculateFibonacci[1, 1](1)" classname="com.dustintsan.math.util.swt301.core.test.TestNGTest" time="0.031">
    <system-out><![CDATA[Before Suite: Initialize resources
Before Suite: Initialize resources
Before Class: Instantiate FibonacciCalculator
Before Method: Setup before each test method
Test: Calculating Fibonacci for n = 1
Result of calculating Fibonacci for n = 1 result = 1
]]></system-out>
    <system-err><![CDATA[SLF4J: Failed to load class "org.slf4j.impl.StaticLoggerBinder".
SLF4J: Defaulting to no-operation (NOP) logger implementation
SLF4J: See http://www.slf4j.org/codes.html#StaticLoggerBinder for further details.
]]></system-err>
  </testcase>
  <testcase name="testCalculateFibonacci[2, 1](2)" classname="com.dustintsan.math.util.swt301.core.test.TestNGTest" time="0.0">
    <system-out><![CDATA[After Method: Cleanup after each test method
Before Method: Setup before each test method
Test: Calculating Fibonacci for n = 2
Result of calculating Fibonacci for n = 2 result = 1
]]></system-out>
  </testcase>
  <testcase name="testCalculateFibonacci[3, 2](3)" classname="com.dustintsan.math.util.swt301.core.test.TestNGTest" time="0.0">
    <system-out><![CDATA[After Method: Cleanup after each test method
Before Method: Setup before each test method
Test: Calculating Fibonacci for n = 3
Result of calculating Fibonacci for n = 3 result = 2
]]></system-out>
  </testcase>
  <testcase name="testCalculateFibonacci[4, 3](4)" classname="com.dustintsan.math.util.swt301.core.test.TestNGTest" time="0.0">
    <system-out><![CDATA[After Method: Cleanup after each test method
Before Method: Setup before each test method
Test: Calculating Fibonacci for n = 4
Result of calculating Fibonacci for n = 4 result = 3
]]></system-out>
  </testcase>
  <testcase name="testCalculateFibonacci[5, 5](5)" classname="com.dustintsan.math.util.swt301.core.test.TestNGTest" time="0.0">
    <system-out><![CDATA[After Method: Cleanup after each test method
Before Method: Setup before each test method
Test: Calculating Fibonacci for n = 5
Result of calculating Fibonacci for n = 5 result = 5
]]></system-out>
  </testcase>
  <testcase name="testCalculateFibonacci[6, 8](6)" classname="com.dustintsan.math.util.swt301.core.test.TestNGTest" time="0.0">
    <system-out><![CDATA[After Method: Cleanup after each test method
Before Method: Setup before each test method
Test: Calculating Fibonacci for n = 6
Result of calculating Fibonacci for n = 6 result = 8
]]></system-out>
  </testcase>
  <testcase name="testCalculateFibonacci[7, 13](7)" classname="com.dustintsan.math.util.swt301.core.test.TestNGTest" time="0.0">
    <system-out><![CDATA[After Method: Cleanup after each test method
Before Method: Setup before each test method
Test: Calculating Fibonacci for n = 7
Result of calculating Fibonacci for n = 7 result = 13
]]></system-out>
  </testcase>
  <testcase name="testCalculateFibonacci[8, 21](8)" classname="com.dustintsan.math.util.swt301.core.test.TestNGTest" time="0.0">
    <system-out><![CDATA[After Method: Cleanup after each test method
Before Method: Setup before each test method
Test: Calculating Fibonacci for n = 8
Result of calculating Fibonacci for n = 8 result = 21
]]></system-out>
  </testcase>
  <testcase name="testCalculateFibonacci[9, 34](9)" classname="com.dustintsan.math.util.swt301.core.test.TestNGTest" time="0.0">
    <system-out><![CDATA[After Method: Cleanup after each test method
Before Method: Setup before each test method
Test: Calculating Fibonacci for n = 9
Result of calculating Fibonacci for n = 9 result = 34
]]></system-out>
  </testcase>
  <testcase name="testCalculateFibonacci[10, 55](10)" classname="com.dustintsan.math.util.swt301.core.test.TestNGTest" time="0.0">
    <system-out><![CDATA[After Method: Cleanup after each test method
Before Method: Setup before each test method
Test: Calculating Fibonacci for n = 10
Result of calculating Fibonacci for n = 10 result = 55
]]></system-out>
  </testcase>
  <testcase name="testCalculateFibonacci[11, 89](1)" classname="com.dustintsan.math.util.swt301.core.test.TestNGTest2" time="0.006">
    <system-out><![CDATA[After Method: Cleanup after each test method
After Class: Nullify FibonacciCalculator
Before Class: Instantiate FibonacciCalculator
Before Method: Setup before each test method
Test: Calculating Fibonacci for n = 11
Result of calculating Fibonacci for n = 11 result = 89
]]></system-out>
  </testcase>
  <testcase name="testCalculateFibonacci[12, 144](2)" classname="com.dustintsan.math.util.swt301.core.test.TestNGTest2" time="0.0">
    <system-out><![CDATA[After Method: Cleanup after each test method
Before Method: Setup before each test method
Test: Calculating Fibonacci for n = 12
Result of calculating Fibonacci for n = 12 result = 144
]]></system-out>
  </testcase>
  <testcase name="testCalculateFibonacci[13, 233](3)" classname="com.dustintsan.math.util.swt301.core.test.TestNGTest2" time="0.0">
    <system-out><![CDATA[After Method: Cleanup after each test method
Before Method: Setup before each test method
Test: Calculating Fibonacci for n = 13
Result of calculating Fibonacci for n = 13 result = 233
]]></system-out>
  </testcase>
  <testcase name="testCalculateFibonacci[14, 377](4)" classname="com.dustintsan.math.util.swt301.core.test.TestNGTest2" time="0.0">
    <system-out><![CDATA[After Method: Cleanup after each test method
Before Method: Setup before each test method
Test: Calculating Fibonacci for n = 14
Result of calculating Fibonacci for n = 14 result = 377
]]></system-out>
  </testcase>
  <testcase name="testCalculateFibonacci[15, 610](5)" classname="com.dustintsan.math.util.swt301.core.test.TestNGTest2" time="0.0">
    <system-out><![CDATA[After Method: Cleanup after each test method
Before Method: Setup before each test method
Test: Calculating Fibonacci for n = 15
Result of calculating Fibonacci for n = 15 result = 610
]]></system-out>
  </testcase>
  <testcase name="testCalculateFibonacci[16, 987](6)" classname="com.dustintsan.math.util.swt301.core.test.TestNGTest2" time="0.0">
    <system-out><![CDATA[After Method: Cleanup after each test method
Before Method: Setup before each test method
Test: Calculating Fibonacci for n = 16
Result of calculating Fibonacci for n = 16 result = 987
]]></system-out>
  </testcase>
  <testcase name="testCalculateFibonacci[17, 1597](7)" classname="com.dustintsan.math.util.swt301.core.test.TestNGTest2" time="0.0">
    <system-out><![CDATA[After Method: Cleanup after each test method
Before Method: Setup before each test method
Test: Calculating Fibonacci for n = 17
Result of calculating Fibonacci for n = 17 result = 1597
]]></system-out>
  </testcase>
  <testcase name="testCalculateFibonacci[18, 2584](8)" classname="com.dustintsan.math.util.swt301.core.test.TestNGTest2" time="0.0">
    <system-out><![CDATA[After Method: Cleanup after each test method
Before Method: Setup before each test method
Test: Calculating Fibonacci for n = 18
Result of calculating Fibonacci for n = 18 result = 2584
]]></system-out>
  </testcase>
  <testcase name="testCalculateFibonacci[19, 4181](9)" classname="com.dustintsan.math.util.swt301.core.test.TestNGTest2" time="0.0">
    <system-out><![CDATA[After Method: Cleanup after each test method
Before Method: Setup before each test method
Test: Calculating Fibonacci for n = 19
Result of calculating Fibonacci for n = 19 result = 4181
]]></system-out>
  </testcase>
  <testcase name="testCalculateFibonacci[20, 6765](10)" classname="com.dustintsan.math.util.swt301.core.test.TestNGTest2" time="0.0">
    <system-out><![CDATA[After Method: Cleanup after each test method
Before Method: Setup before each test method
Test: Calculating Fibonacci for n = 20
Result of calculating Fibonacci for n = 20 result = 6765
]]></system-out>
  </testcase>
</testsuite>