<?xml version="1.0" encoding="UTF-8"?>
<!-- Generated by org.testng.reporters.JUnitReportReporter -->
<testsuite hostname="LAPTOP-VTEHA3BG" failures="0" tests="10" name="com.dustintsan.math.util.swt301.core.test.TestNGTest" time="0.042" errors="0" timestamp="2024-06-15T12:15:56 ICT" skipped="0">
  <testcase classname="com.dustintsan.math.util.swt301.core.test.TestNGTest" name="testCalculateFibonacci" time="0.002"/>
  <testcase classname="com.dustintsan.math.util.swt301.core.test.TestNGTest" name="testCalculateFibonacci" time="0.003"/>
  <testcase classname="com.dustintsan.math.util.swt301.core.test.TestNGTest" name="testCalculateFibonacci" time="0.003"/>
  <testcase classname="com.dustintsan.math.util.swt301.core.test.TestNGTest" name="testCalculateFibonacci" time="0.003"/>
  <testcase classname="com.dustintsan.math.util.swt301.core.test.TestNGTest" name="testCalculateFibonacci" time="0.002"/>
  <testcase classname="com.dustintsan.math.util.swt301.core.test.TestNGTest" name="testCalculateFibonacci" time="0.002"/>
  <testcase classname="com.dustintsan.math.util.swt301.core.test.TestNGTest" name="testCalculateFibonacci" time="0.022"/>
  <testcase classname="com.dustintsan.math.util.swt301.core.test.TestNGTest" name="testCalculateFibonacci" time="0.001"/>
  <testcase classname="com.dustintsan.math.util.swt301.core.test.TestNGTest" name="testCalculateFibonacci" time="0.002"/>
  <testcase classname="com.dustintsan.math.util.swt301.core.test.TestNGTest" name="testCalculateFibonacci" time="0.002"/>
</testsuite> <!-- com.dustintsan.math.util.swt301.core.test.TestNGTest -->
