<?xml version="1.0" encoding="UTF-8"?>
<!-- Generated by org.testng.reporters.JUnitReportReporter -->
<testsuite hostname="LAPTOP-VTEHA3BG" failures="0" tests="10" name="com.dustintsan.math.util.swt301.core.test.TestNGTest2" time="0.047" errors="0" timestamp="2024-06-15T00:22:21 ICT" skipped="0">
  <testcase classname="com.dustintsan.math.util.swt301.core.test.TestNGTest2" name="testCalculateFibonacci" time="0.004"/>
  <testcase classname="com.dustintsan.math.util.swt301.core.test.TestNGTest2" name="testCalculateFibonacci" time="0.003"/>
  <testcase classname="com.dustintsan.math.util.swt301.core.test.TestNGTest2" name="testCalculateFibonacci" time="0.006"/>
  <testcase classname="com.dustintsan.math.util.swt301.core.test.TestNGTest2" name="testCalculateFibonacci" time="0.002"/>
  <testcase classname="com.dustintsan.math.util.swt301.core.test.TestNGTest2" name="testCalculateFibonacci" time="0.004"/>
  <testcase classname="com.dustintsan.math.util.swt301.core.test.TestNGTest2" name="testCalculateFibonacci" time="0.002"/>
  <testcase classname="com.dustintsan.math.util.swt301.core.test.TestNGTest2" name="testCalculateFibonacci" time="0.006"/>
  <testcase classname="com.dustintsan.math.util.swt301.core.test.TestNGTest2" name="testCalculateFibonacci" time="0.009"/>
  <testcase classname="com.dustintsan.math.util.swt301.core.test.TestNGTest2" name="testCalculateFibonacci" time="0.006"/>
  <testcase classname="com.dustintsan.math.util.swt301.core.test.TestNGTest2" name="testCalculateFibonacci" time="0.005"/>
</testsuite> <!-- com.dustintsan.math.util.swt301.core.test.TestNGTest2 -->
